[debug] [2024-11-11T02:48:50.142Z] [Firebase Plugin] Activating Firebase extension.
[info] [Firebase Plugin] Checked firebase-tools, is up to date!
[debug] [2024-11-11T02:49:02.867Z] [Firebase Plugin] VSCode notification server listening on port 40001
[debug] [2024-11-11T02:49:04.560Z] I1110 20:49:04.540389   19433 control.go:45] [engine.Service /emulator/healthy_age_backend 4089] UpdateSchema(): done sources: schema/schema.gql [1427B] 
I1110 20:49:04.555044   19433 control.go:73] [engine.Service /emulator/healthy_age_backend 4089] UpdateConnector(default): done sources: connector/queries.gql [1855B] connector/mutations.gql [1163B] 
 {"metadata":{"emulator":{"name":"dataconnect"},"message":"I1110 20:49:04.540389   19433 control.go:45] [engine.Service /emulator/healthy_age_backend 4089] UpdateSchema(): done sources: schema/schema.gql [1427B] \nI1110 20:49:04.555044   19433 control.go:73] [engine.Service /emulator/healthy_age_backend 4089] UpdateConnector(default): done sources: connector/queries.gql [1855B] connector/mutations.gql [1163B] \n"}}
[debug] [2024-11-11T02:49:04.716Z] Ignoring unsupported arg: auto_download {"metadata":{"emulator":{"name":"dataconnect"},"message":"Ignoring unsupported arg: auto_download"}}
[debug] [2024-11-11T02:49:04.717Z] Ignoring unsupported arg: port {"metadata":{"emulator":{"name":"dataconnect"},"message":"Ignoring unsupported arg: port"}}
[debug] [2024-11-11T02:49:04.717Z] Starting Data Connect Emulator with command {"binary":"/Users/danielfloresnavarro/.cache/firebase/emulators/dataconnect-emulator-1.6.1","args":["--logtostderr","-v=2","dev","--listen=localhost:50001","--config_dir=/Users/danielfloresnavarro/Desktop/healthy_age_backend/dataconnect","--enable_output_schema_extensions=true","--enable_output_generated_sdk=true"],"optionalArgs":["listen","config_dir","enable_output_schema_extensions","enable_output_generated_sdk"],"joinArgs":true,"shell":false,"port":9399} {"metadata":{"emulator":{"name":"dataconnect"},"message":"Starting Data Connect Emulator with command {\"binary\":\"/Users/danielfloresnavarro/.cache/firebase/emulators/dataconnect-emulator-1.6.1\",\"args\":[\"--logtostderr\",\"-v=2\",\"dev\",\"--listen=localhost:50001\",\"--config_dir=/Users/danielfloresnavarro/Desktop/healthy_age_backend/dataconnect\",\"--enable_output_schema_extensions=true\",\"--enable_output_generated_sdk=true\"],\"optionalArgs\":[\"listen\",\"config_dir\",\"enable_output_schema_extensions\",\"enable_output_generated_sdk\"],\"joinArgs\":true,\"shell\":false,\"port\":9399}"}}
[info] i  dataconnect: Data Connect Emulator logging to dataconnect-debug.log {"metadata":{"emulator":{"name":"dataconnect"},"message":"Data Connect Emulator logging to dataconnect-debug.log"}}
[debug] [2024-11-11T02:49:05.305Z] I1110 20:49:05.301158   19444 load.go:37] Reloading schema and connectors...
 {"metadata":{"emulator":{"name":"dataconnect"},"message":"I1110 20:49:05.301158   19444 load.go:37] Reloading schema and connectors...\n"}}
[debug] [2024-11-11T02:49:05.355Z] I1110 20:49:05.355056   19444 control.go:45] [engine.Service /emulator/healthy_age_backend b0cc] UpdateSchema(): done sources: schema/schema.gql [1427B] 
 {"metadata":{"emulator":{"name":"dataconnect"},"message":"I1110 20:49:05.355056   19444 control.go:45] [engine.Service /emulator/healthy_age_backend b0cc] UpdateSchema(): done sources: schema/schema.gql [1427B] \n"}}
[debug] [2024-11-11T02:49:05.380Z] I1110 20:49:05.380318   19444 control.go:73] [engine.Service /emulator/healthy_age_backend b0cc] UpdateConnector(default): done sources: connector/queries.gql [1855B] connector/mutations.gql [1163B] 
 {"metadata":{"emulator":{"name":"dataconnect"},"message":"I1110 20:49:05.380318   19444 control.go:73] [engine.Service /emulator/healthy_age_backend b0cc] UpdateConnector(default): done sources: connector/queries.gql [1855B] connector/mutations.gql [1163B] \n"}}
[debug] [2024-11-11T02:49:05.444Z] I1110 20:49:05.432637   19444 collector.go:107] schema extensions wrote into "/Users/danielfloresnavarro/Desktop/healthy_age_backend/dataconnect/.dataconnect/schema"
Generated sources: prelude.gql [62831B] 
 {"metadata":{"emulator":{"name":"dataconnect"},"message":"I1110 20:49:05.432637   19444 collector.go:107] schema extensions wrote into \"/Users/danielfloresnavarro/Desktop/healthy_age_backend/dataconnect/.dataconnect/schema\"\nGenerated sources: prelude.gql [62831B] \n"}}
[debug] [2024-11-11T02:49:05.481Z] I1110 20:49:05.444565   19444 load.go:115] Finished reloading
 {"metadata":{"emulator":{"name":"dataconnect"},"message":"I1110 20:49:05.444565   19444 load.go:115] Finished reloading\n"}}
[debug] [2024-11-11T02:49:05.503Z] I1110 20:49:05.502139   19444 dev.go:95] Listening on address (HTTP + gRPC): 127.0.0.1:50001
 {"metadata":{"emulator":{"name":"dataconnect"},"message":"I1110 20:49:05.502139   19444 dev.go:95] Listening on address (HTTP + gRPC): 127.0.0.1:50001\n"}}
[debug] [2024-11-11T02:49:05.726Z] I1110 20:49:05.726477   19444 engine.go:148] [engine.Service /emulator/healthy_age_backend b0cc] ExecuteGraphqlRead IntrospectionQuery: succeeded. 
 {"metadata":{"emulator":{"name":"dataconnect"},"message":"I1110 20:49:05.726477   19444 engine.go:148] [engine.Service /emulator/healthy_age_backend b0cc] ExecuteGraphqlRead IntrospectionQuery: succeeded. \n"}}
[debug] [2024-11-11T02:49:05.860Z] I1110 20:49:05.860550   19444 engine.go:148] [engine.Service /emulator/healthy_age_backend b0cc] ExecuteGraphqlRead IntrospectionQuery: succeeded. 
 {"metadata":{"emulator":{"name":"dataconnect"},"message":"I1110 20:49:05.860550   19444 engine.go:148] [engine.Service /emulator/healthy_age_backend b0cc] ExecuteGraphqlRead IntrospectionQuery: succeeded. \n"}}
[warn] ⚠  Data Connect Emulator has exited upon receiving signal: SIGINT 
[debug] [2024-11-11T02:49:11.304Z] [Firebase Plugin] Activating Firebase extension.
[info] [Firebase Plugin] Checked firebase-tools, is up to date!
[debug] [2024-11-11T02:49:16.824Z] [Firebase Plugin] VSCode notification server listening on port 40001
[debug] [2024-11-11T02:49:17.953Z] I1110 20:49:17.921830   19749 control.go:45] [engine.Service /emulator/healthy_age_backend f860] UpdateSchema(): done sources: schema/schema.gql [1427B] 
I1110 20:49:17.948260   19749 control.go:73] [engine.Service /emulator/healthy_age_backend f860] UpdateConnector(default): done sources: connector/mutations.gql [1163B] connector/queries.gql [1855B] 
 {"metadata":{"emulator":{"name":"dataconnect"},"message":"I1110 20:49:17.921830   19749 control.go:45] [engine.Service /emulator/healthy_age_backend f860] UpdateSchema(): done sources: schema/schema.gql [1427B] \nI1110 20:49:17.948260   19749 control.go:73] [engine.Service /emulator/healthy_age_backend f860] UpdateConnector(default): done sources: connector/mutations.gql [1163B] connector/queries.gql [1855B] \n"}}
[debug] [2024-11-11T02:49:18.155Z] Ignoring unsupported arg: auto_download {"metadata":{"emulator":{"name":"dataconnect"},"message":"Ignoring unsupported arg: auto_download"}}
[debug] [2024-11-11T02:49:18.156Z] Ignoring unsupported arg: port {"metadata":{"emulator":{"name":"dataconnect"},"message":"Ignoring unsupported arg: port"}}
[debug] [2024-11-11T02:49:18.156Z] Starting Data Connect Emulator with command {"binary":"/Users/danielfloresnavarro/.cache/firebase/emulators/dataconnect-emulator-1.6.1","args":["--logtostderr","-v=2","dev","--listen=localhost:50001","--config_dir=/Users/danielfloresnavarro/Desktop/healthy_age_backend/dataconnect","--enable_output_schema_extensions=true","--enable_output_generated_sdk=true"],"optionalArgs":["listen","config_dir","enable_output_schema_extensions","enable_output_generated_sdk"],"joinArgs":true,"shell":false,"port":9399} {"metadata":{"emulator":{"name":"dataconnect"},"message":"Starting Data Connect Emulator with command {\"binary\":\"/Users/danielfloresnavarro/.cache/firebase/emulators/dataconnect-emulator-1.6.1\",\"args\":[\"--logtostderr\",\"-v=2\",\"dev\",\"--listen=localhost:50001\",\"--config_dir=/Users/danielfloresnavarro/Desktop/healthy_age_backend/dataconnect\",\"--enable_output_schema_extensions=true\",\"--enable_output_generated_sdk=true\"],\"optionalArgs\":[\"listen\",\"config_dir\",\"enable_output_schema_extensions\",\"enable_output_generated_sdk\"],\"joinArgs\":true,\"shell\":false,\"port\":9399}"}}
[info] i  dataconnect: Data Connect Emulator logging to dataconnect-debug.log {"metadata":{"emulator":{"name":"dataconnect"},"message":"Data Connect Emulator logging to dataconnect-debug.log"}}
[debug] [2024-11-11T02:49:18.943Z] I1110 20:49:18.938972   19751 load.go:37] Reloading schema and connectors...
 {"metadata":{"emulator":{"name":"dataconnect"},"message":"I1110 20:49:18.938972   19751 load.go:37] Reloading schema and connectors...\n"}}
[debug] [2024-11-11T02:49:18.981Z] I1110 20:49:18.981384   19751 control.go:45] [engine.Service /emulator/healthy_age_backend c161] UpdateSchema(): done sources: schema/schema.gql [1427B] 
 {"metadata":{"emulator":{"name":"dataconnect"},"message":"I1110 20:49:18.981384   19751 control.go:45] [engine.Service /emulator/healthy_age_backend c161] UpdateSchema(): done sources: schema/schema.gql [1427B] \n"}}
[debug] [2024-11-11T02:49:19.003Z] I1110 20:49:19.003452   19751 control.go:73] [engine.Service /emulator/healthy_age_backend c161] UpdateConnector(default): done sources: connector/mutations.gql [1163B] connector/queries.gql [1855B] 
 {"metadata":{"emulator":{"name":"dataconnect"},"message":"I1110 20:49:19.003452   19751 control.go:73] [engine.Service /emulator/healthy_age_backend c161] UpdateConnector(default): done sources: connector/mutations.gql [1163B] connector/queries.gql [1855B] \n"}}
[debug] [2024-11-11T02:49:19.045Z] I1110 20:49:19.045353   19751 collector.go:107] schema extensions wrote into "/Users/danielfloresnavarro/Desktop/healthy_age_backend/dataconnect/.dataconnect/schema"
Generated sources: prelude.gql [62831B] 
 {"metadata":{"emulator":{"name":"dataconnect"},"message":"I1110 20:49:19.045353   19751 collector.go:107] schema extensions wrote into \"/Users/danielfloresnavarro/Desktop/healthy_age_backend/dataconnect/.dataconnect/schema\"\nGenerated sources: prelude.gql [62831B] \n"}}
[debug] [2024-11-11T02:49:19.046Z] I1110 20:49:19.045722   19751 load.go:115] Finished reloading
 {"metadata":{"emulator":{"name":"dataconnect"},"message":"I1110 20:49:19.045722   19751 load.go:115] Finished reloading\n"}}
[debug] [2024-11-11T02:49:19.056Z] I1110 20:49:19.055473   19751 dev.go:95] Listening on address (HTTP + gRPC): 127.0.0.1:50001
 {"metadata":{"emulator":{"name":"dataconnect"},"message":"I1110 20:49:19.055473   19751 dev.go:95] Listening on address (HTTP + gRPC): 127.0.0.1:50001\n"}}
[debug] [2024-11-11T02:49:19.313Z] I1110 20:49:19.313537   19751 engine.go:148] [engine.Service /emulator/healthy_age_backend c161] ExecuteGraphqlRead IntrospectionQuery: succeeded. 
 {"metadata":{"emulator":{"name":"dataconnect"},"message":"I1110 20:49:19.313537   19751 engine.go:148] [engine.Service /emulator/healthy_age_backend c161] ExecuteGraphqlRead IntrospectionQuery: succeeded. \n"}}
[debug] [2024-11-11T02:49:19.391Z] I1110 20:49:19.391501   19751 engine.go:148] [engine.Service /emulator/healthy_age_backend c161] ExecuteGraphqlRead IntrospectionQuery: succeeded. 
 {"metadata":{"emulator":{"name":"dataconnect"},"message":"I1110 20:49:19.391501   19751 engine.go:148] [engine.Service /emulator/healthy_age_backend c161] ExecuteGraphqlRead IntrospectionQuery: succeeded. \n"}}
[warn] ⚠  Data Connect Emulator has exited upon receiving signal: SIGINT 
[debug] [2024-11-11T22:02:20.293Z] [Firebase Plugin] Activating Firebase extension.
[info] [Firebase Plugin] Checked firebase-tools, is up to date!
[debug] [2024-11-11T22:02:25.418Z] [Firebase Plugin] VSCode notification server listening on port 40001
[debug] [2024-11-11T22:02:26.458Z] I1111 16:02:26.444942   11883 control.go:45] [engine.Service /emulator/healthy_age_backend 7697] UpdateSchema(): done sources: schema/schema.gql [1427B] 
I1111 16:02:26.455757   11883 control.go:73] [engine.Service /emulator/healthy_age_backend 7697] UpdateConnector(default): done sources: connector/mutations.gql [1163B] connector/queries.gql [1855B] 
 {"metadata":{"emulator":{"name":"dataconnect"},"message":"I1111 16:02:26.444942   11883 control.go:45] [engine.Service /emulator/healthy_age_backend 7697] UpdateSchema(): done sources: schema/schema.gql [1427B] \nI1111 16:02:26.455757   11883 control.go:73] [engine.Service /emulator/healthy_age_backend 7697] UpdateConnector(default): done sources: connector/mutations.gql [1163B] connector/queries.gql [1855B] \n"}}
[debug] [2024-11-11T22:02:26.532Z] Ignoring unsupported arg: auto_download {"metadata":{"emulator":{"name":"dataconnect"},"message":"Ignoring unsupported arg: auto_download"}}
[debug] [2024-11-11T22:02:26.533Z] Ignoring unsupported arg: port {"metadata":{"emulator":{"name":"dataconnect"},"message":"Ignoring unsupported arg: port"}}
[debug] [2024-11-11T22:02:26.533Z] Starting Data Connect Emulator with command {"binary":"/Users/danielfloresnavarro/.cache/firebase/emulators/dataconnect-emulator-1.6.1","args":["--logtostderr","-v=2","dev","--listen=localhost:50001","--config_dir=/Users/danielfloresnavarro/Desktop/healthy_age_backend/dataconnect","--enable_output_schema_extensions=true","--enable_output_generated_sdk=true"],"optionalArgs":["listen","config_dir","enable_output_schema_extensions","enable_output_generated_sdk"],"joinArgs":true,"shell":false,"port":9399} {"metadata":{"emulator":{"name":"dataconnect"},"message":"Starting Data Connect Emulator with command {\"binary\":\"/Users/danielfloresnavarro/.cache/firebase/emulators/dataconnect-emulator-1.6.1\",\"args\":[\"--logtostderr\",\"-v=2\",\"dev\",\"--listen=localhost:50001\",\"--config_dir=/Users/danielfloresnavarro/Desktop/healthy_age_backend/dataconnect\",\"--enable_output_schema_extensions=true\",\"--enable_output_generated_sdk=true\"],\"optionalArgs\":[\"listen\",\"config_dir\",\"enable_output_schema_extensions\",\"enable_output_generated_sdk\"],\"joinArgs\":true,\"shell\":false,\"port\":9399}"}}
[info] i  dataconnect: Data Connect Emulator logging to dataconnect-debug.log {"metadata":{"emulator":{"name":"dataconnect"},"message":"Data Connect Emulator logging to dataconnect-debug.log"}}
[debug] [2024-11-11T22:02:27.032Z] I1111 16:02:27.026227   11891 load.go:37] Reloading schema and connectors...
 {"metadata":{"emulator":{"name":"dataconnect"},"message":"I1111 16:02:27.026227   11891 load.go:37] Reloading schema and connectors...\n"}}
[debug] [2024-11-11T22:02:27.077Z] I1111 16:02:27.076727   11891 control.go:45] [engine.Service /emulator/healthy_age_backend 90e2] UpdateSchema(): done sources: schema/schema.gql [1427B] 
 {"metadata":{"emulator":{"name":"dataconnect"},"message":"I1111 16:02:27.076727   11891 control.go:45] [engine.Service /emulator/healthy_age_backend 90e2] UpdateSchema(): done sources: schema/schema.gql [1427B] \n"}}
[debug] [2024-11-11T22:02:27.091Z] I1111 16:02:27.090795   11891 control.go:73] [engine.Service /emulator/healthy_age_backend 90e2] UpdateConnector(default): done sources: connector/queries.gql [1855B] connector/mutations.gql [1163B] 
 {"metadata":{"emulator":{"name":"dataconnect"},"message":"I1111 16:02:27.090795   11891 control.go:73] [engine.Service /emulator/healthy_age_backend 90e2] UpdateConnector(default): done sources: connector/queries.gql [1855B] connector/mutations.gql [1163B] \n"}}
[debug] [2024-11-11T22:02:27.117Z] I1111 16:02:27.115861   11891 collector.go:107] schema extensions wrote into "/Users/danielfloresnavarro/Desktop/healthy_age_backend/dataconnect/.dataconnect/schema"
Generated sources: prelude.gql [62831B] 
 {"metadata":{"emulator":{"name":"dataconnect"},"message":"I1111 16:02:27.115861   11891 collector.go:107] schema extensions wrote into \"/Users/danielfloresnavarro/Desktop/healthy_age_backend/dataconnect/.dataconnect/schema\"\nGenerated sources: prelude.gql [62831B] \n"}}
[debug] [2024-11-11T22:02:27.117Z] I1111 16:02:27.117266   11891 load.go:115] Finished reloading
 {"metadata":{"emulator":{"name":"dataconnect"},"message":"I1111 16:02:27.117266   11891 load.go:115] Finished reloading\n"}}
[debug] [2024-11-11T22:02:27.129Z] I1111 16:02:27.129018   11891 dev.go:95] Listening on address (HTTP + gRPC): 127.0.0.1:50001
 {"metadata":{"emulator":{"name":"dataconnect"},"message":"I1111 16:02:27.129018   11891 dev.go:95] Listening on address (HTTP + gRPC): 127.0.0.1:50001\n"}}
[debug] [2024-11-11T22:02:27.284Z] I1111 16:02:27.284016   11891 engine.go:148] [engine.Service /emulator/healthy_age_backend 90e2] ExecuteGraphqlRead IntrospectionQuery: succeeded. 
 {"metadata":{"emulator":{"name":"dataconnect"},"message":"I1111 16:02:27.284016   11891 engine.go:148] [engine.Service /emulator/healthy_age_backend 90e2] ExecuteGraphqlRead IntrospectionQuery: succeeded. \n"}}
[debug] [2024-11-11T22:02:27.377Z] I1111 16:02:27.376882   11891 engine.go:148] [engine.Service /emulator/healthy_age_backend 90e2] ExecuteGraphqlRead IntrospectionQuery: succeeded. 
 {"metadata":{"emulator":{"name":"dataconnect"},"message":"I1111 16:02:27.376882   11891 engine.go:148] [engine.Service /emulator/healthy_age_backend 90e2] ExecuteGraphqlRead IntrospectionQuery: succeeded. \n"}}
[warn] ⚠  Data Connect Emulator has exited upon receiving signal: SIGINT 
[debug] [2024-11-11T22:02:31.275Z] [Firebase Plugin] Activating Firebase extension.
[info] [Firebase Plugin] Checked firebase-tools, is up to date!
[debug] [2024-11-11T22:02:34.585Z] [Firebase Plugin] VSCode notification server listening on port 40001
[debug] [2024-11-11T22:02:35.144Z] I1111 16:02:35.127551   12164 control.go:45] [engine.Service /emulator/healthy_age_backend c932] UpdateSchema(): done sources: schema/schema.gql [1427B] 
I1111 16:02:35.141932   12164 control.go:73] [engine.Service /emulator/healthy_age_backend c932] UpdateConnector(default): done sources: connector/mutations.gql [1163B] connector/queries.gql [1855B] 
 {"metadata":{"emulator":{"name":"dataconnect"},"message":"I1111 16:02:35.127551   12164 control.go:45] [engine.Service /emulator/healthy_age_backend c932] UpdateSchema(): done sources: schema/schema.gql [1427B] \nI1111 16:02:35.141932   12164 control.go:73] [engine.Service /emulator/healthy_age_backend c932] UpdateConnector(default): done sources: connector/mutations.gql [1163B] connector/queries.gql [1855B] \n"}}
[debug] [2024-11-11T22:02:35.211Z] Ignoring unsupported arg: auto_download {"metadata":{"emulator":{"name":"dataconnect"},"message":"Ignoring unsupported arg: auto_download"}}
[debug] [2024-11-11T22:02:35.212Z] Ignoring unsupported arg: port {"metadata":{"emulator":{"name":"dataconnect"},"message":"Ignoring unsupported arg: port"}}
[debug] [2024-11-11T22:02:35.212Z] Starting Data Connect Emulator with command {"binary":"/Users/danielfloresnavarro/.cache/firebase/emulators/dataconnect-emulator-1.6.1","args":["--logtostderr","-v=2","dev","--listen=localhost:50001","--config_dir=/Users/danielfloresnavarro/Desktop/healthy_age_backend/dataconnect","--enable_output_schema_extensions=true","--enable_output_generated_sdk=true"],"optionalArgs":["listen","config_dir","enable_output_schema_extensions","enable_output_generated_sdk"],"joinArgs":true,"shell":false,"port":9399} {"metadata":{"emulator":{"name":"dataconnect"},"message":"Starting Data Connect Emulator with command {\"binary\":\"/Users/danielfloresnavarro/.cache/firebase/emulators/dataconnect-emulator-1.6.1\",\"args\":[\"--logtostderr\",\"-v=2\",\"dev\",\"--listen=localhost:50001\",\"--config_dir=/Users/danielfloresnavarro/Desktop/healthy_age_backend/dataconnect\",\"--enable_output_schema_extensions=true\",\"--enable_output_generated_sdk=true\"],\"optionalArgs\":[\"listen\",\"config_dir\",\"enable_output_schema_extensions\",\"enable_output_generated_sdk\"],\"joinArgs\":true,\"shell\":false,\"port\":9399}"}}
[info] i  dataconnect: Data Connect Emulator logging to dataconnect-debug.log {"metadata":{"emulator":{"name":"dataconnect"},"message":"Data Connect Emulator logging to dataconnect-debug.log"}}
[debug] [2024-11-11T22:02:35.500Z] I1111 16:02:35.499029   12174 load.go:37] Reloading schema and connectors...
 {"metadata":{"emulator":{"name":"dataconnect"},"message":"I1111 16:02:35.499029   12174 load.go:37] Reloading schema and connectors...\n"}}
[debug] [2024-11-11T22:02:35.562Z] I1111 16:02:35.562347   12174 control.go:45] [engine.Service /emulator/healthy_age_backend ad1f] UpdateSchema(): done sources: schema/schema.gql [1427B] 
 {"metadata":{"emulator":{"name":"dataconnect"},"message":"I1111 16:02:35.562347   12174 control.go:45] [engine.Service /emulator/healthy_age_backend ad1f] UpdateSchema(): done sources: schema/schema.gql [1427B] \n"}}
[debug] [2024-11-11T22:02:35.618Z] I1111 16:02:35.609233   12174 control.go:73] [engine.Service /emulator/healthy_age_backend ad1f] UpdateConnector(default): done sources: connector/mutations.gql [1163B] connector/queries.gql [1855B] 
 {"metadata":{"emulator":{"name":"dataconnect"},"message":"I1111 16:02:35.609233   12174 control.go:73] [engine.Service /emulator/healthy_age_backend ad1f] UpdateConnector(default): done sources: connector/mutations.gql [1163B] connector/queries.gql [1855B] \n"}}
[debug] [2024-11-11T22:02:35.642Z] I1111 16:02:35.642093   12174 collector.go:107] schema extensions wrote into "/Users/danielfloresnavarro/Desktop/healthy_age_backend/dataconnect/.dataconnect/schema"
Generated sources: prelude.gql [62831B] 
 {"metadata":{"emulator":{"name":"dataconnect"},"message":"I1111 16:02:35.642093   12174 collector.go:107] schema extensions wrote into \"/Users/danielfloresnavarro/Desktop/healthy_age_backend/dataconnect/.dataconnect/schema\"\nGenerated sources: prelude.gql [62831B] \n"}}
[debug] [2024-11-11T22:02:35.642Z] I1111 16:02:35.642476   12174 load.go:115] Finished reloading
 {"metadata":{"emulator":{"name":"dataconnect"},"message":"I1111 16:02:35.642476   12174 load.go:115] Finished reloading\n"}}
[debug] [2024-11-11T22:02:35.652Z] I1111 16:02:35.652206   12174 dev.go:95] Listening on address (HTTP + gRPC): 127.0.0.1:50001
 {"metadata":{"emulator":{"name":"dataconnect"},"message":"I1111 16:02:35.652206   12174 dev.go:95] Listening on address (HTTP + gRPC): 127.0.0.1:50001\n"}}
[debug] [2024-11-11T22:02:35.875Z] I1111 16:02:35.875143   12174 engine.go:148] [engine.Service /emulator/healthy_age_backend ad1f] ExecuteGraphqlRead IntrospectionQuery: succeeded. 
 {"metadata":{"emulator":{"name":"dataconnect"},"message":"I1111 16:02:35.875143   12174 engine.go:148] [engine.Service /emulator/healthy_age_backend ad1f] ExecuteGraphqlRead IntrospectionQuery: succeeded. \n"}}
[debug] [2024-11-11T22:02:35.971Z] I1111 16:02:35.971010   12174 engine.go:148] [engine.Service /emulator/healthy_age_backend ad1f] ExecuteGraphqlRead IntrospectionQuery: succeeded. 
 {"metadata":{"emulator":{"name":"dataconnect"},"message":"I1111 16:02:35.971010   12174 engine.go:148] [engine.Service /emulator/healthy_age_backend ad1f] ExecuteGraphqlRead IntrospectionQuery: succeeded. \n"}}
[warn] ⚠  Data Connect Emulator has exited upon receiving signal: SIGINT 
[debug] [2024-11-11T22:06:10.894Z] [Firebase Plugin] Activating Firebase extension.
[info] [Firebase Plugin] Checked firebase-tools, is up to date!
[debug] [2024-11-11T22:06:14.586Z] [Firebase Plugin] VSCode notification server listening on port 40001
[debug] [2024-11-11T22:06:15.621Z] I1111 16:06:15.609663   16964 control.go:45] [engine.Service /emulator/healthy_age_backend b566] UpdateSchema(): done sources: schema/schema.gql [1427B] 
I1111 16:06:15.618260   16964 control.go:73] [engine.Service /emulator/healthy_age_backend b566] UpdateConnector(default): done sources: connector/mutations.gql [1163B] connector/queries.gql [1855B] 
 {"metadata":{"emulator":{"name":"dataconnect"},"message":"I1111 16:06:15.609663   16964 control.go:45] [engine.Service /emulator/healthy_age_backend b566] UpdateSchema(): done sources: schema/schema.gql [1427B] \nI1111 16:06:15.618260   16964 control.go:73] [engine.Service /emulator/healthy_age_backend b566] UpdateConnector(default): done sources: connector/mutations.gql [1163B] connector/queries.gql [1855B] \n"}}
[debug] [2024-11-11T22:06:15.735Z] Ignoring unsupported arg: auto_download {"metadata":{"emulator":{"name":"dataconnect"},"message":"Ignoring unsupported arg: auto_download"}}
[debug] [2024-11-11T22:06:15.735Z] Ignoring unsupported arg: port {"metadata":{"emulator":{"name":"dataconnect"},"message":"Ignoring unsupported arg: port"}}
[debug] [2024-11-11T22:06:15.735Z] Starting Data Connect Emulator with command {"binary":"/Users/danielfloresnavarro/.cache/firebase/emulators/dataconnect-emulator-1.6.1","args":["--logtostderr","-v=2","dev","--listen=localhost:50001","--config_dir=/Users/danielfloresnavarro/Desktop/healthy_age_backend/dataconnect","--enable_output_schema_extensions=true","--enable_output_generated_sdk=true"],"optionalArgs":["listen","config_dir","enable_output_schema_extensions","enable_output_generated_sdk"],"joinArgs":true,"shell":false,"port":9399} {"metadata":{"emulator":{"name":"dataconnect"},"message":"Starting Data Connect Emulator with command {\"binary\":\"/Users/danielfloresnavarro/.cache/firebase/emulators/dataconnect-emulator-1.6.1\",\"args\":[\"--logtostderr\",\"-v=2\",\"dev\",\"--listen=localhost:50001\",\"--config_dir=/Users/danielfloresnavarro/Desktop/healthy_age_backend/dataconnect\",\"--enable_output_schema_extensions=true\",\"--enable_output_generated_sdk=true\"],\"optionalArgs\":[\"listen\",\"config_dir\",\"enable_output_schema_extensions\",\"enable_output_generated_sdk\"],\"joinArgs\":true,\"shell\":false,\"port\":9399}"}}
[info] i  dataconnect: Data Connect Emulator logging to dataconnect-debug.log {"metadata":{"emulator":{"name":"dataconnect"},"message":"Data Connect Emulator logging to dataconnect-debug.log"}}
[debug] [2024-11-11T22:06:16.374Z] I1111 16:06:16.370160   16970 load.go:37] Reloading schema and connectors...
 {"metadata":{"emulator":{"name":"dataconnect"},"message":"I1111 16:06:16.370160   16970 load.go:37] Reloading schema and connectors...\n"}}
[debug] [2024-11-11T22:06:16.400Z] I1111 16:06:16.400694   16970 control.go:45] [engine.Service /emulator/healthy_age_backend 5803] UpdateSchema(): done sources: schema/schema.gql [1427B] 
 {"metadata":{"emulator":{"name":"dataconnect"},"message":"I1111 16:06:16.400694   16970 control.go:45] [engine.Service /emulator/healthy_age_backend 5803] UpdateSchema(): done sources: schema/schema.gql [1427B] \n"}}
[debug] [2024-11-11T22:06:16.417Z] I1111 16:06:16.417277   16970 control.go:73] [engine.Service /emulator/healthy_age_backend 5803] UpdateConnector(default): done sources: connector/mutations.gql [1163B] connector/queries.gql [1855B] 
 {"metadata":{"emulator":{"name":"dataconnect"},"message":"I1111 16:06:16.417277   16970 control.go:73] [engine.Service /emulator/healthy_age_backend 5803] UpdateConnector(default): done sources: connector/mutations.gql [1163B] connector/queries.gql [1855B] \n"}}
[debug] [2024-11-11T22:06:16.459Z] I1111 16:06:16.456690   16970 collector.go:107] schema extensions wrote into "/Users/danielfloresnavarro/Desktop/healthy_age_backend/dataconnect/.dataconnect/schema"
Generated sources: prelude.gql [62831B] 
I1111 16:06:16.457102   16970 load.go:115] Finished reloading
 {"metadata":{"emulator":{"name":"dataconnect"},"message":"I1111 16:06:16.456690   16970 collector.go:107] schema extensions wrote into \"/Users/danielfloresnavarro/Desktop/healthy_age_backend/dataconnect/.dataconnect/schema\"\nGenerated sources: prelude.gql [62831B] \nI1111 16:06:16.457102   16970 load.go:115] Finished reloading\n"}}
[debug] [2024-11-11T22:06:16.497Z] I1111 16:06:16.495170   16970 dev.go:95] Listening on address (HTTP + gRPC): 127.0.0.1:50001
 {"metadata":{"emulator":{"name":"dataconnect"},"message":"I1111 16:06:16.495170   16970 dev.go:95] Listening on address (HTTP + gRPC): 127.0.0.1:50001\n"}}
[debug] [2024-11-11T22:06:16.667Z] I1111 16:06:16.667477   16970 engine.go:148] [engine.Service /emulator/healthy_age_backend 5803] ExecuteGraphqlRead IntrospectionQuery: succeeded. 
 {"metadata":{"emulator":{"name":"dataconnect"},"message":"I1111 16:06:16.667477   16970 engine.go:148] [engine.Service /emulator/healthy_age_backend 5803] ExecuteGraphqlRead IntrospectionQuery: succeeded. \n"}}
[debug] [2024-11-11T22:06:16.765Z] I1111 16:06:16.765384   16970 engine.go:148] [engine.Service /emulator/healthy_age_backend 5803] ExecuteGraphqlRead IntrospectionQuery: succeeded. 
 {"metadata":{"emulator":{"name":"dataconnect"},"message":"I1111 16:06:16.765384   16970 engine.go:148] [engine.Service /emulator/healthy_age_backend 5803] ExecuteGraphqlRead IntrospectionQuery: succeeded. \n"}}
[warn] ⚠  Data Connect Emulator has exited upon receiving signal: SIGINT 
[debug] [2024-11-16T18:25:11.118Z] [Firebase Plugin] Activating Firebase extension.
[debug] [2024-11-16T18:25:16.704Z] [Firebase Plugin] VSCode notification server listening on port 40001
[debug] [2024-11-16T18:25:18.665Z] I1116 12:25:18.652972   29230 control.go:45] [engine.Service /emulator/healthy_age_backend 97c3] UpdateSchema(): done sources: schema/schema.gql [1427B] 
I1116 12:25:18.662472   29230 control.go:73] [engine.Service /emulator/healthy_age_backend 97c3] UpdateConnector(default): done sources: connector/mutations.gql [1163B] connector/queries.gql [1855B] 
 {"metadata":{"emulator":{"name":"dataconnect"},"message":"I1116 12:25:18.652972   29230 control.go:45] [engine.Service /emulator/healthy_age_backend 97c3] UpdateSchema(): done sources: schema/schema.gql [1427B] \nI1116 12:25:18.662472   29230 control.go:73] [engine.Service /emulator/healthy_age_backend 97c3] UpdateConnector(default): done sources: connector/mutations.gql [1163B] connector/queries.gql [1855B] \n"}}
[debug] [2024-11-16T18:25:18.980Z] Ignoring unsupported arg: auto_download {"metadata":{"emulator":{"name":"dataconnect"},"message":"Ignoring unsupported arg: auto_download"}}
[debug] [2024-11-16T18:25:18.980Z] Ignoring unsupported arg: port {"metadata":{"emulator":{"name":"dataconnect"},"message":"Ignoring unsupported arg: port"}}
[debug] [2024-11-16T18:25:18.980Z] Starting Data Connect Emulator with command {"binary":"/Users/danielfloresnavarro/.cache/firebase/emulators/dataconnect-emulator-1.6.1","args":["--logtostderr","-v=2","dev","--listen=localhost:50001","--config_dir=/Users/danielfloresnavarro/Desktop/healthy_age_backend/dataconnect","--enable_output_schema_extensions=true","--enable_output_generated_sdk=true"],"optionalArgs":["listen","config_dir","enable_output_schema_extensions","enable_output_generated_sdk"],"joinArgs":true,"shell":false,"port":9399} {"metadata":{"emulator":{"name":"dataconnect"},"message":"Starting Data Connect Emulator with command {\"binary\":\"/Users/danielfloresnavarro/.cache/firebase/emulators/dataconnect-emulator-1.6.1\",\"args\":[\"--logtostderr\",\"-v=2\",\"dev\",\"--listen=localhost:50001\",\"--config_dir=/Users/danielfloresnavarro/Desktop/healthy_age_backend/dataconnect\",\"--enable_output_schema_extensions=true\",\"--enable_output_generated_sdk=true\"],\"optionalArgs\":[\"listen\",\"config_dir\",\"enable_output_schema_extensions\",\"enable_output_generated_sdk\"],\"joinArgs\":true,\"shell\":false,\"port\":9399}"}}
[info] i  dataconnect: Data Connect Emulator logging to dataconnect-debug.log {"metadata":{"emulator":{"name":"dataconnect"},"message":"Data Connect Emulator logging to dataconnect-debug.log"}}
[debug] [2024-11-16T18:25:19.573Z] I1116 12:25:19.363591   29344 load.go:37] Reloading schema and connectors...
I1116 12:25:19.390822   29344 control.go:45] [engine.Service /emulator/healthy_age_backend 15c3] UpdateSchema(): done sources: schema/schema.gql [1427B] 
I1116 12:25:19.401156   29344 control.go:73] [engine.Service /emulator/healthy_age_backend 15c3] UpdateConnector(default): done sources: connector/mutations.gql [1163B] connector/queries.gql [1855B] 
I1116 12:25:19.457647   29344 collector.go:107] schema extensions wrote into "/Users/danielfloresnavarro/Desktop/healthy_age_backend/dataconnect/.dataconnect/schema"
Generated sources: prelude.gql [62831B] 
I1116 12:25:19.457795   29344 load.go:115] Finished reloading
I1116 12:25:19.476190   29344 dev.go:95] Listening on address (HTTP + gRPC): 127.0.0.1:50001
 {"metadata":{"emulator":{"name":"dataconnect"},"message":"I1116 12:25:19.363591   29344 load.go:37] Reloading schema and connectors...\nI1116 12:25:19.390822   29344 control.go:45] [engine.Service /emulator/healthy_age_backend 15c3] UpdateSchema(): done sources: schema/schema.gql [1427B] \nI1116 12:25:19.401156   29344 control.go:73] [engine.Service /emulator/healthy_age_backend 15c3] UpdateConnector(default): done sources: connector/mutations.gql [1163B] connector/queries.gql [1855B] \nI1116 12:25:19.457647   29344 collector.go:107] schema extensions wrote into \"/Users/danielfloresnavarro/Desktop/healthy_age_backend/dataconnect/.dataconnect/schema\"\nGenerated sources: prelude.gql [62831B] \nI1116 12:25:19.457795   29344 load.go:115] Finished reloading\nI1116 12:25:19.476190   29344 dev.go:95] Listening on address (HTTP + gRPC): 127.0.0.1:50001\n"}}
[debug] [2024-11-16T18:25:19.668Z] I1116 12:25:19.668391   29344 engine.go:148] [engine.Service /emulator/healthy_age_backend 15c3] ExecuteGraphqlRead IntrospectionQuery: succeeded. 
 {"metadata":{"emulator":{"name":"dataconnect"},"message":"I1116 12:25:19.668391   29344 engine.go:148] [engine.Service /emulator/healthy_age_backend 15c3] ExecuteGraphqlRead IntrospectionQuery: succeeded. \n"}}
[debug] [2024-11-16T18:25:19.757Z] I1116 12:25:19.757622   29344 engine.go:148] [engine.Service /emulator/healthy_age_backend 15c3] ExecuteGraphqlRead IntrospectionQuery: succeeded. 
 {"metadata":{"emulator":{"name":"dataconnect"},"message":"I1116 12:25:19.757622   29344 engine.go:148] [engine.Service /emulator/healthy_age_backend 15c3] ExecuteGraphqlRead IntrospectionQuery: succeeded. \n"}}
[warn] ⚠  Data Connect Emulator has exited upon receiving signal: SIGINT 
[debug] [2024-11-16T18:45:27.890Z] [Firebase Plugin] Activating Firebase extension.
[info] [Firebase Plugin] Checked firebase-tools, is up to date!
[debug] [2024-11-16T18:45:32.132Z] [Firebase Plugin] VSCode notification server listening on port 40001
[info] [Firebase Plugin] Starting Data Connect toolkit on port 50001
[info] i  dataconnect: downloading dataconnect-emulator-1.7.0... {"metadata":{"emulator":{"name":"dataconnect"},"message":"downloading dataconnect-emulator-1.7.0..."}}
[debug] [2024-11-16T18:45:32.465Z] >>> [apiv2][query] GET https://storage.googleapis.com/firemat-preview-drop/emulator/dataconnect-emulator-macos-v1.7.0 
[debug] [2024-11-16T18:45:32.773Z] <<< [apiv2][status] GET https://storage.googleapis.com/firemat-preview-drop/emulator/dataconnect-emulator-macos-v1.7.0 200
[debug] [2024-11-16T18:45:32.773Z] <<< [apiv2][body] GET https://storage.googleapis.com/firemat-preview-drop/emulator/dataconnect-emulator-macos-v1.7.0 [stream]
[info] i  dataconnect: Removing outdated emulator files: dataconnect-emulator-1.6.1 {"metadata":{"emulator":{"name":"dataconnect"},"message":"Removing outdated emulator files: dataconnect-emulator-1.6.1"}}
[debug] [2024-11-16T18:45:35.879Z] I1116 12:45:35.867563   55079 control.go:45] [engine.Service /emulator/healthy_age_backend c695] UpdateSchema(): done sources: schema/schema.gql [1427B] 
I1116 12:45:35.877089   55079 control.go:73] [engine.Service /emulator/healthy_age_backend c695] UpdateConnector(default): done sources: connector/mutations.gql [1163B] connector/queries.gql [1855B] 
 {"metadata":{"emulator":{"name":"dataconnect"},"message":"I1116 12:45:35.867563   55079 control.go:45] [engine.Service /emulator/healthy_age_backend c695] UpdateSchema(): done sources: schema/schema.gql [1427B] \nI1116 12:45:35.877089   55079 control.go:73] [engine.Service /emulator/healthy_age_backend c695] UpdateConnector(default): done sources: connector/mutations.gql [1163B] connector/queries.gql [1855B] \n"}}
[debug] [2024-11-16T18:45:35.881Z] Ignoring unsupported arg: auto_download {"metadata":{"emulator":{"name":"dataconnect"},"message":"Ignoring unsupported arg: auto_download"}}
[debug] [2024-11-16T18:45:35.899Z] Ignoring unsupported arg: port {"metadata":{"emulator":{"name":"dataconnect"},"message":"Ignoring unsupported arg: port"}}
[debug] [2024-11-16T18:45:35.899Z] Starting Data Connect Emulator with command {"binary":"/Users/danielfloresnavarro/.cache/firebase/emulators/dataconnect-emulator-1.7.0","args":["--logtostderr","-v=2","dev","--listen=localhost:50001","--config_dir=/Users/danielfloresnavarro/Desktop/healthy_age_backend/dataconnect","--enable_output_schema_extensions=true","--enable_output_generated_sdk=true"],"optionalArgs":["listen","config_dir","enable_output_schema_extensions","enable_output_generated_sdk"],"joinArgs":true,"shell":false,"port":9399} {"metadata":{"emulator":{"name":"dataconnect"},"message":"Starting Data Connect Emulator with command {\"binary\":\"/Users/danielfloresnavarro/.cache/firebase/emulators/dataconnect-emulator-1.7.0\",\"args\":[\"--logtostderr\",\"-v=2\",\"dev\",\"--listen=localhost:50001\",\"--config_dir=/Users/danielfloresnavarro/Desktop/healthy_age_backend/dataconnect\",\"--enable_output_schema_extensions=true\",\"--enable_output_generated_sdk=true\"],\"optionalArgs\":[\"listen\",\"config_dir\",\"enable_output_schema_extensions\",\"enable_output_generated_sdk\"],\"joinArgs\":true,\"shell\":false,\"port\":9399}"}}
[info] i  dataconnect: Data Connect Emulator logging to dataconnect-debug.log {"metadata":{"emulator":{"name":"dataconnect"},"message":"Data Connect Emulator logging to dataconnect-debug.log"}}
[debug] [2024-11-16T18:45:36.227Z] I1116 12:45:36.225910   55081 load.go:37] Reloading schema and connectors...
 {"metadata":{"emulator":{"name":"dataconnect"},"message":"I1116 12:45:36.225910   55081 load.go:37] Reloading schema and connectors...\n"}}
[debug] [2024-11-16T18:45:36.257Z] I1116 12:45:36.257701   55081 control.go:45] [engine.Service /emulator/healthy_age_backend 9f28] UpdateSchema(): done sources: schema/schema.gql [1427B] 
 {"metadata":{"emulator":{"name":"dataconnect"},"message":"I1116 12:45:36.257701   55081 control.go:45] [engine.Service /emulator/healthy_age_backend 9f28] UpdateSchema(): done sources: schema/schema.gql [1427B] \n"}}
[debug] [2024-11-16T18:45:36.271Z] I1116 12:45:36.270987   55081 control.go:73] [engine.Service /emulator/healthy_age_backend 9f28] UpdateConnector(default): done sources: connector/mutations.gql [1163B] connector/queries.gql [1855B] 
 {"metadata":{"emulator":{"name":"dataconnect"},"message":"I1116 12:45:36.270987   55081 control.go:73] [engine.Service /emulator/healthy_age_backend 9f28] UpdateConnector(default): done sources: connector/mutations.gql [1163B] connector/queries.gql [1855B] \n"}}
[debug] [2024-11-16T18:45:36.289Z] I1116 12:45:36.288996   55081 collector.go:107] schema extensions wrote into "/Users/danielfloresnavarro/Desktop/healthy_age_backend/dataconnect/.dataconnect/schema"
Generated sources: prelude.gql [65742B] 
 {"metadata":{"emulator":{"name":"dataconnect"},"message":"I1116 12:45:36.288996   55081 collector.go:107] schema extensions wrote into \"/Users/danielfloresnavarro/Desktop/healthy_age_backend/dataconnect/.dataconnect/schema\"\nGenerated sources: prelude.gql [65742B] \n"}}
[debug] [2024-11-16T18:45:36.290Z] I1116 12:45:36.289572   55081 load.go:115] Finished reloading
 {"metadata":{"emulator":{"name":"dataconnect"},"message":"I1116 12:45:36.289572   55081 load.go:115] Finished reloading\n"}}
[debug] [2024-11-16T18:45:36.300Z] I1116 12:45:36.300032   55081 dev.go:95] Listening on address (HTTP + gRPC): 127.0.0.1:50001
 {"metadata":{"emulator":{"name":"dataconnect"},"message":"I1116 12:45:36.300032   55081 dev.go:95] Listening on address (HTTP + gRPC): 127.0.0.1:50001\n"}}
[debug] [2024-11-16T18:45:36.473Z] I1116 12:45:36.473112   55081 engine.go:148] [engine.Service /emulator/healthy_age_backend 9f28] ExecuteGraphqlRead IntrospectionQuery: succeeded. 
 {"metadata":{"emulator":{"name":"dataconnect"},"message":"I1116 12:45:36.473112   55081 engine.go:148] [engine.Service /emulator/healthy_age_backend 9f28] ExecuteGraphqlRead IntrospectionQuery: succeeded. \n"}}
[debug] [2024-11-16T18:45:36.567Z] I1116 12:45:36.566867   55081 engine.go:148] [engine.Service /emulator/healthy_age_backend 9f28] ExecuteGraphqlRead IntrospectionQuery: succeeded. 
 {"metadata":{"emulator":{"name":"dataconnect"},"message":"I1116 12:45:36.566867   55081 engine.go:148] [engine.Service /emulator/healthy_age_backend 9f28] ExecuteGraphqlRead IntrospectionQuery: succeeded. \n"}}
[info] [Firebase Plugin] Stopping Data Connect toolkit
[warn] ⚠  Data Connect Emulator has exited upon receiving signal: SIGINT 
[debug] [2024-11-16T20:09:54.165Z] [Firebase Plugin] Activating Firebase extension.
[info] [Firebase Plugin] Checked firebase-tools, is up to date!
[debug] [2024-11-16T20:09:57.926Z] [Firebase Plugin] VSCode notification server listening on port 40001
[info] [Firebase Plugin] Starting Data Connect toolkit on port 50001
[debug] [2024-11-16T20:09:58.942Z] I1116 14:09:58.931381   58676 control.go:45] [engine.Service /emulator/healthy_age_backend 393a] UpdateSchema(): done sources: schema/schema.gql [1427B] 
I1116 14:09:58.939969   58676 control.go:73] [engine.Service /emulator/healthy_age_backend 393a] UpdateConnector(default): done sources: connector/mutations.gql [1163B] connector/queries.gql [1855B] 
 {"metadata":{"emulator":{"name":"dataconnect"},"message":"I1116 14:09:58.931381   58676 control.go:45] [engine.Service /emulator/healthy_age_backend 393a] UpdateSchema(): done sources: schema/schema.gql [1427B] \nI1116 14:09:58.939969   58676 control.go:73] [engine.Service /emulator/healthy_age_backend 393a] UpdateConnector(default): done sources: connector/mutations.gql [1163B] connector/queries.gql [1855B] \n"}}
[debug] [2024-11-16T20:09:58.943Z] Ignoring unsupported arg: auto_download {"metadata":{"emulator":{"name":"dataconnect"},"message":"Ignoring unsupported arg: auto_download"}}
[debug] [2024-11-16T20:09:58.943Z] Ignoring unsupported arg: port {"metadata":{"emulator":{"name":"dataconnect"},"message":"Ignoring unsupported arg: port"}}
[debug] [2024-11-16T20:09:58.943Z] Starting Data Connect Emulator with command {"binary":"/Users/danielfloresnavarro/.cache/firebase/emulators/dataconnect-emulator-1.7.0","args":["--logtostderr","-v=2","dev","--listen=localhost:50001","--config_dir=/Users/danielfloresnavarro/Desktop/healthy_age_backend/dataconnect","--enable_output_schema_extensions=true","--enable_output_generated_sdk=true"],"optionalArgs":["listen","config_dir","enable_output_schema_extensions","enable_output_generated_sdk"],"joinArgs":true,"shell":false,"port":9399} {"metadata":{"emulator":{"name":"dataconnect"},"message":"Starting Data Connect Emulator with command {\"binary\":\"/Users/danielfloresnavarro/.cache/firebase/emulators/dataconnect-emulator-1.7.0\",\"args\":[\"--logtostderr\",\"-v=2\",\"dev\",\"--listen=localhost:50001\",\"--config_dir=/Users/danielfloresnavarro/Desktop/healthy_age_backend/dataconnect\",\"--enable_output_schema_extensions=true\",\"--enable_output_generated_sdk=true\"],\"optionalArgs\":[\"listen\",\"config_dir\",\"enable_output_schema_extensions\",\"enable_output_generated_sdk\"],\"joinArgs\":true,\"shell\":false,\"port\":9399}"}}
[info] i  dataconnect: Data Connect Emulator logging to dataconnect-debug.log {"metadata":{"emulator":{"name":"dataconnect"},"message":"Data Connect Emulator logging to dataconnect-debug.log"}}
[debug] [2024-11-16T20:09:59.140Z] I1116 14:09:59.135481   58677 load.go:37] Reloading schema and connectors...
 {"metadata":{"emulator":{"name":"dataconnect"},"message":"I1116 14:09:59.135481   58677 load.go:37] Reloading schema and connectors...\n"}}
[debug] [2024-11-16T20:09:59.161Z] I1116 14:09:59.160820   58677 control.go:45] [engine.Service /emulator/healthy_age_backend bb17] UpdateSchema(): done sources: schema/schema.gql [1427B] 
 {"metadata":{"emulator":{"name":"dataconnect"},"message":"I1116 14:09:59.160820   58677 control.go:45] [engine.Service /emulator/healthy_age_backend bb17] UpdateSchema(): done sources: schema/schema.gql [1427B] \n"}}
[debug] [2024-11-16T20:09:59.174Z] I1116 14:09:59.174202   58677 control.go:73] [engine.Service /emulator/healthy_age_backend bb17] UpdateConnector(default): done sources: connector/mutations.gql [1163B] connector/queries.gql [1855B] 
 {"metadata":{"emulator":{"name":"dataconnect"},"message":"I1116 14:09:59.174202   58677 control.go:73] [engine.Service /emulator/healthy_age_backend bb17] UpdateConnector(default): done sources: connector/mutations.gql [1163B] connector/queries.gql [1855B] \n"}}
[debug] [2024-11-16T20:09:59.196Z] I1116 14:09:59.195938   58677 collector.go:107] schema extensions wrote into "/Users/danielfloresnavarro/Desktop/healthy_age_backend/dataconnect/.dataconnect/schema"
Generated sources: prelude.gql [65742B] 
 {"metadata":{"emulator":{"name":"dataconnect"},"message":"I1116 14:09:59.195938   58677 collector.go:107] schema extensions wrote into \"/Users/danielfloresnavarro/Desktop/healthy_age_backend/dataconnect/.dataconnect/schema\"\nGenerated sources: prelude.gql [65742B] \n"}}
[debug] [2024-11-16T20:09:59.197Z] I1116 14:09:59.196719   58677 load.go:115] Finished reloading
 {"metadata":{"emulator":{"name":"dataconnect"},"message":"I1116 14:09:59.196719   58677 load.go:115] Finished reloading\n"}}
[debug] [2024-11-16T20:09:59.214Z] I1116 14:09:59.211677   58677 dev.go:95] Listening on address (HTTP + gRPC): 127.0.0.1:50001
 {"metadata":{"emulator":{"name":"dataconnect"},"message":"I1116 14:09:59.211677   58677 dev.go:95] Listening on address (HTTP + gRPC): 127.0.0.1:50001\n"}}
[debug] [2024-11-16T20:09:59.481Z] I1116 14:09:59.480919   58677 engine.go:148] [engine.Service /emulator/healthy_age_backend bb17] ExecuteGraphqlRead IntrospectionQuery: succeeded. 
 {"metadata":{"emulator":{"name":"dataconnect"},"message":"I1116 14:09:59.480919   58677 engine.go:148] [engine.Service /emulator/healthy_age_backend bb17] ExecuteGraphqlRead IntrospectionQuery: succeeded. \n"}}
[debug] [2024-11-16T20:09:59.565Z] I1116 14:09:59.565806   58677 engine.go:148] [engine.Service /emulator/healthy_age_backend bb17] ExecuteGraphqlRead IntrospectionQuery: succeeded. 
 {"metadata":{"emulator":{"name":"dataconnect"},"message":"I1116 14:09:59.565806   58677 engine.go:148] [engine.Service /emulator/healthy_age_backend bb17] ExecuteGraphqlRead IntrospectionQuery: succeeded. \n"}}
[info] [Firebase Plugin] Stopping Data Connect toolkit
[warn] ⚠  Data Connect Emulator has exited upon receiving signal: SIGINT 
[debug] [2024-11-16T22:23:31.469Z] [Firebase Plugin] Activating Firebase extension.
[info] [Firebase Plugin] Checked firebase-tools, is up to date!
[debug] [2024-11-16T22:24:04.280Z] [Firebase Plugin] VSCode notification server listening on port 40001
[info] [Firebase Plugin] Starting Data Connect toolkit on port 50001
[debug] [2024-11-16T22:24:05.639Z] I1116 16:24:05.623846   69957 control.go:45] [engine.Service /emulator/healthy_age_backend 31e5] UpdateSchema(): done sources: schema/schema.gql [1427B] 
I1116 16:24:05.634827   69957 control.go:73] [engine.Service /emulator/healthy_age_backend 31e5] UpdateConnector(default): done sources: connector/mutations.gql [1163B] connector/queries.gql [1855B] 
 {"metadata":{"emulator":{"name":"dataconnect"},"message":"I1116 16:24:05.623846   69957 control.go:45] [engine.Service /emulator/healthy_age_backend 31e5] UpdateSchema(): done sources: schema/schema.gql [1427B] \nI1116 16:24:05.634827   69957 control.go:73] [engine.Service /emulator/healthy_age_backend 31e5] UpdateConnector(default): done sources: connector/mutations.gql [1163B] connector/queries.gql [1855B] \n"}}
[debug] [2024-11-16T22:24:05.640Z] Ignoring unsupported arg: auto_download {"metadata":{"emulator":{"name":"dataconnect"},"message":"Ignoring unsupported arg: auto_download"}}
[debug] [2024-11-16T22:24:05.640Z] Ignoring unsupported arg: port {"metadata":{"emulator":{"name":"dataconnect"},"message":"Ignoring unsupported arg: port"}}
[debug] [2024-11-16T22:24:05.640Z] Starting Data Connect Emulator with command {"binary":"/Users/danielfloresnavarro/.cache/firebase/emulators/dataconnect-emulator-1.7.0","args":["--logtostderr","-v=2","dev","--listen=localhost:50001","--config_dir=/Users/danielfloresnavarro/Desktop/healthy_age_backend/dataconnect","--enable_output_schema_extensions=true","--enable_output_generated_sdk=true"],"optionalArgs":["listen","config_dir","enable_output_schema_extensions","enable_output_generated_sdk"],"joinArgs":true,"shell":false,"port":9399} {"metadata":{"emulator":{"name":"dataconnect"},"message":"Starting Data Connect Emulator with command {\"binary\":\"/Users/danielfloresnavarro/.cache/firebase/emulators/dataconnect-emulator-1.7.0\",\"args\":[\"--logtostderr\",\"-v=2\",\"dev\",\"--listen=localhost:50001\",\"--config_dir=/Users/danielfloresnavarro/Desktop/healthy_age_backend/dataconnect\",\"--enable_output_schema_extensions=true\",\"--enable_output_generated_sdk=true\"],\"optionalArgs\":[\"listen\",\"config_dir\",\"enable_output_schema_extensions\",\"enable_output_generated_sdk\"],\"joinArgs\":true,\"shell\":false,\"port\":9399}"}}
[info] i  dataconnect: Data Connect Emulator logging to dataconnect-debug.log {"metadata":{"emulator":{"name":"dataconnect"},"message":"Data Connect Emulator logging to dataconnect-debug.log"}}
[debug] [2024-11-16T22:24:05.987Z] I1116 16:24:05.983185   69958 load.go:37] Reloading schema and connectors...
 {"metadata":{"emulator":{"name":"dataconnect"},"message":"I1116 16:24:05.983185   69958 load.go:37] Reloading schema and connectors...\n"}}
[debug] [2024-11-16T22:24:06.037Z] I1116 16:24:06.033289   69958 control.go:45] [engine.Service /emulator/healthy_age_backend 3c99] UpdateSchema(): done sources: schema/schema.gql [1427B] 
 {"metadata":{"emulator":{"name":"dataconnect"},"message":"I1116 16:24:06.033289   69958 control.go:45] [engine.Service /emulator/healthy_age_backend 3c99] UpdateSchema(): done sources: schema/schema.gql [1427B] \n"}}
[debug] [2024-11-16T22:24:06.073Z] I1116 16:24:06.071187   69958 control.go:73] [engine.Service /emulator/healthy_age_backend 3c99] UpdateConnector(default): done sources: connector/mutations.gql [1163B] connector/queries.gql [1855B] 
 {"metadata":{"emulator":{"name":"dataconnect"},"message":"I1116 16:24:06.071187   69958 control.go:73] [engine.Service /emulator/healthy_age_backend 3c99] UpdateConnector(default): done sources: connector/mutations.gql [1163B] connector/queries.gql [1855B] \n"}}
[debug] [2024-11-16T22:24:06.114Z] I1116 16:24:06.113616   69958 collector.go:107] schema extensions wrote into "/Users/danielfloresnavarro/Desktop/healthy_age_backend/dataconnect/.dataconnect/schema"
Generated sources: prelude.gql [65742B] 
I1116 16:24:06.114161   69958 load.go:115] Finished reloading
 {"metadata":{"emulator":{"name":"dataconnect"},"message":"I1116 16:24:06.113616   69958 collector.go:107] schema extensions wrote into \"/Users/danielfloresnavarro/Desktop/healthy_age_backend/dataconnect/.dataconnect/schema\"\nGenerated sources: prelude.gql [65742B] \nI1116 16:24:06.114161   69958 load.go:115] Finished reloading\n"}}
[debug] [2024-11-16T22:24:06.133Z] I1116 16:24:06.132200   69958 dev.go:95] Listening on address (HTTP + gRPC): 127.0.0.1:50001
 {"metadata":{"emulator":{"name":"dataconnect"},"message":"I1116 16:24:06.132200   69958 dev.go:95] Listening on address (HTTP + gRPC): 127.0.0.1:50001\n"}}
[debug] [2024-11-16T22:24:06.414Z] I1116 16:24:06.414136   69958 engine.go:148] [engine.Service /emulator/healthy_age_backend 3c99] ExecuteGraphqlRead IntrospectionQuery: succeeded. 
 {"metadata":{"emulator":{"name":"dataconnect"},"message":"I1116 16:24:06.414136   69958 engine.go:148] [engine.Service /emulator/healthy_age_backend 3c99] ExecuteGraphqlRead IntrospectionQuery: succeeded. \n"}}
[debug] [2024-11-16T22:24:06.528Z] I1116 16:24:06.528332   69958 engine.go:148] [engine.Service /emulator/healthy_age_backend 3c99] ExecuteGraphqlRead IntrospectionQuery: succeeded. 
 {"metadata":{"emulator":{"name":"dataconnect"},"message":"I1116 16:24:06.528332   69958 engine.go:148] [engine.Service /emulator/healthy_age_backend 3c99] ExecuteGraphqlRead IntrospectionQuery: succeeded. \n"}}
